-------------------------------------------------------------------------------
Test set: com.desafiolatam.AppTest
-------------------------------------------------------------------------------
Tests run: 1, Failures: 1, Errors: 0, Skipped: 0, Time elapsed: 0.119 s <<< FAILURE! - in com.desafiolatam.AppTest
shouldAnswerWithTrue(com.desafiolatam.AppTest)  Time elapsed: 0.044 s  <<< FAILURE!
java.lang.AssertionError
	at com.desafiolatam.AppTest.shouldAnswerWithTrue(AppTest.java:32)

