<?xml version="1.0" encoding="UTF-8"?>
<testsuite xmlns:xsi="http://www.w3.org/2001/XMLSchema-instance" xsi:noNamespaceSchemaLocation="https://maven.apache.org/surefire/maven-surefire-plugin/xsd/surefire-test-report.xsd" name="com.desafiolatam.CalculadoraTest" time="0.07" tests="12" errors="0" skipped="0" failures="0">
  <properties>
[...]
</properties>
  <testcase name="metodopruebaRestarNotEquals" classname="com.desafiolatam.CalculadoraTest" time="0.009"/>
  <testcase name="metodopruebaSumarNotEquals" classname="com.desafiolatam.CalculadoraTest" time="0"/>
  <testcase name="metodopruebaMultiplicarNotEquals" classname="com.desafiolatam.CalculadoraTest" time="0.001"/>
  <testcase name="metodoPruebaDividir" classname="com.desafiolatam.CalculadoraTest" time="0"/>
  <testcase name="metodoPruebaRestarEquals" classname="com.desafiolatam.CalculadoraTest" time="0.001"/>
  <testcase name="metodoPruebaMultiplicar" classname="com.desafiolatam.CalculadoraTest" time="0"/>
  <testcase name="metodoPruebaRestarNotNull" classname="com.desafiolatam.CalculadoraTest" time="0.001"/>
  <testcase name="metodoPruebaDividirNotNull" classname="com.desafiolatam.CalculadoraTest" time="0.001"/>
  <testcase name="metodoPruebaSumarNotNull" classname="com.desafiolatam.CalculadoraTest" time="0"/>
  <testcase name="metodoPruebaMultiplicarNotNull" classname="com.desafiolatam.CalculadoraTest" time="0"/>
  <testcase name="metodopruebaDividirNotEquals" classname="com.desafiolatam.CalculadoraTest" time="0"/>
  <testcase name="metodoPruebaSumar" classname="com.desafiolatam.CalculadoraTest" time="0.001"/>
</testsuite>